<?xml version="1.0" encoding="UTF-8"?>
<testsuite xmlns:xsi="http://www.w3.org/2001/XMLSchema-instance" xsi:noNamespaceSchemaLocation="https://maven.apache.org/surefire/maven-surefire-plugin/xsd/surefire-test-report-3.0.xsd" version="3.0" name="org.knapsack.ProblemTest" time="0.041" tests="4" errors="0" skipped="0" failures="0">
  <properties>
[...]
</properties>
  <testcase name="testSpecificInstanceCorrectness" classname="org.knapsack.ProblemTest" time="0.022"/>
  <testcase name="testItemsWithinBounds" classname="org.knapsack.ProblemTest" time="0.001"/>
  <testcase name="testAtLeastOneItemFits" classname="org.knapsack.ProblemTest" time="0.001"/>
  <testcase name="testNoItemsFit" classname="org.knapsack.ProblemTest" time="0.001"/>
</testsuite>